SF:lib\models\enums.dart
DA:20,1
DA:22,1
DA:24,1
DA:26,1
DA:28,1
DA:30,1
DA:32,1
DA:34,1
DA:36,1
DA:38,1
DA:40,1
DA:42,1
DA:44,1
LF:13
LH:13
end_of_record
SF:lib\models\question_model.dart
DA:62,1
DA:89,1
DA:90,1
DA:91,2
DA:92,2
DA:93,3
DA:94,3
DA:95,3
DA:96,2
DA:97,2
DA:98,2
DA:99,2
DA:100,2
DA:101,2
DA:102,2
DA:103,2
DA:104,2
DA:105,2
DA:106,2
DA:107,2
DA:108,2
DA:109,3
DA:110,2
DA:111,2
DA:112,3
DA:113,3
DA:114,3
DA:118,1
DA:121,1
DA:122,1
DA:124,1
DA:128,1
DA:129,1
DA:130,1
DA:131,1
DA:132,4
DA:133,0
DA:135,1
DA:136,3
DA:137,1
DA:139,1
DA:140,4
DA:141,0
DA:143,2
DA:144,2
DA:145,1
DA:146,3
DA:147,1
DA:148,1
DA:149,1
DA:150,1
DA:151,1
DA:152,1
DA:153,2
DA:155,1
DA:156,1
DA:157,3
DA:158,2
DA:159,1
DA:160,1
DA:161,1
DA:162,1
DA:163,1
DA:164,0
DA:168,0
DA:169,0
DA:174,1
DA:176,0
DA:180,2
DA:181,1
DA:182,1
DA:183,1
DA:184,3
DA:189,1
DA:190,1
DA:194,0
DA:211,0
DA:225,0
DA:226,0
DA:227,0
DA:228,0
DA:229,0
DA:230,0
DA:231,0
DA:232,0
DA:233,0
DA:234,0
DA:235,0
DA:236,0
DA:237,0
DA:241,0
DA:242,0
DA:243,0
DA:244,0
DA:245,0
DA:246,0
DA:248,0
DA:249,0
DA:251,0
DA:252,0
DA:253,0
DA:254,0
DA:255,0
DA:256,0
DA:257,0
DA:276,0
DA:291,0
DA:292,0
DA:293,0
DA:294,0
DA:295,0
DA:296,0
DA:297,0
DA:298,0
DA:299,0
DA:300,0
DA:301,0
DA:302,0
DA:303,0
DA:304,0
DA:308,0
DA:309,0
DA:310,0
DA:311,0
DA:312,0
DA:313,0
DA:314,0
DA:315,0
DA:316,0
DA:317,0
DA:318,0
DA:319,0
DA:320,0
DA:321,0
LF:134
LH:69
end_of_record
SF:lib\screens\student_profile_page.dart
DA:18,1
DA:25,1
DA:27,1
DA:28,1
DA:33,1
DA:35,0
DA:50,0
DA:100,1
DA:102,1
DA:103,2
DA:107,3
DA:108,2
DA:110,2
DA:111,1
DA:114,1
DA:116,2
DA:117,2
DA:118,2
DA:119,2
DA:120,2
DA:121,2
DA:122,2
DA:123,2
DA:124,2
DA:125,2
DA:126,2
DA:127,2
DA:128,2
DA:129,1
DA:132,1
DA:134,2
DA:135,2
DA:136,4
DA:141,0
DA:145,0
DA:146,0
DA:147,0
DA:148,0
DA:149,0
DA:151,0
DA:152,0
DA:156,0
DA:157,0
DA:158,0
DA:159,0
DA:160,0
DA:161,0
DA:162,0
DA:163,0
DA:164,0
DA:166,0
DA:167,0
DA:168,0
DA:169,0
DA:170,0
DA:171,0
DA:172,0
DA:176,0
DA:177,0
DA:178,0
DA:179,0
DA:180,0
DA:181,0
DA:182,0
DA:185,0
DA:191,0
DA:192,0
DA:193,0
DA:194,0
DA:195,0
DA:196,0
DA:197,0
DA:200,0
DA:204,0
DA:209,0
DA:210,0
DA:211,0
DA:212,0
DA:213,0
DA:215,0
DA:217,0
DA:218,0
DA:220,0
DA:222,0
DA:224,0
DA:230,0
DA:235,0
DA:236,0
DA:237,0
DA:238,0
DA:239,0
DA:244,0
DA:245,0
DA:246,0
DA:247,0
DA:250,0
DA:252,0
DA:254,0
DA:261,0
DA:262,0
DA:263,0
DA:264,0
DA:266,0
DA:274,0
DA:275,0
DA:277,0
DA:278,0
DA:279,0
DA:280,0
DA:282,0
DA:283,0
DA:285,0
DA:286,0
DA:290,0
DA:292,0
DA:298,0
DA:299,0
DA:300,0
DA:301,0
DA:306,0
DA:308,0
DA:309,0
DA:310,0
DA:311,0
DA:313,0
DA:314,0
DA:315,0
DA:318,0
DA:320,0
DA:323,0
DA:327,0
DA:328,0
DA:329,0
DA:330,0
DA:335,0
DA:337,0
DA:338,0
DA:339,0
DA:340,0
DA:341,0
DA:342,0
DA:343,0
DA:344,0
DA:346,0
DA:348,0
DA:351,0
DA:357,1
DA:359,5
DA:360,1
DA:364,3
DA:368,2
DA:369,2
DA:372,0
DA:373,0
DA:377,3
DA:379,3
DA:380,1
DA:383,3
DA:384,1
DA:387,3
DA:389,3
DA:390,3
DA:392,3
DA:396,3
DA:397,3
DA:398,3
DA:403,1
DA:405,0
DA:406,0
DA:411,1
DA:413,0
DA:414,0
DA:416,3
DA:420,0
DA:421,0
DA:422,0
DA:423,0
DA:424,0
DA:428,0
DA:429,0
DA:433,0
DA:434,0
DA:438,0
DA:441,0
DA:445,0
DA:446,0
DA:447,0
DA:450,0
DA:453,0
DA:456,0
DA:457,0
DA:458,0
DA:460,0
DA:462,0
DA:463,0
DA:465,0
DA:467,0
DA:470,0
DA:472,0
DA:474,0
DA:478,1
DA:479,3
DA:480,1
DA:481,1
DA:484,1
DA:485,5
DA:486,5
DA:488,1
DA:489,1
DA:495,1
DA:496,3
DA:497,1
DA:498,1
DA:501,1
DA:502,5
DA:503,5
DA:505,1
DA:506,1
DA:512,1
DA:514,3
DA:515,1
DA:517,1
DA:518,1
DA:519,1
DA:520,1
DA:521,1
DA:523,1
DA:525,1
DA:527,1
DA:535,2
DA:536,0
DA:539,0
DA:540,0
DA:541,0
DA:542,0
DA:544,0
DA:546,0
DA:553,1
DA:555,1
DA:557,1
DA:561,1
DA:564,1
DA:566,1
DA:569,1
DA:571,1
DA:574,1
DA:576,1
DA:579,1
DA:581,1
DA:584,1
DA:587,0
DA:594,1
DA:595,1
DA:596,1
DA:597,1
DA:599,1
DA:600,1
DA:601,1
DA:602,1
DA:608,1
DA:609,1
DA:610,1
DA:612,1
DA:621,1
DA:622,1
DA:623,1
DA:626,1
DA:627,0
DA:628,1
DA:629,0
DA:631,2
DA:632,1
DA:633,3
DA:634,4
DA:636,1
DA:646,1
DA:649,1
DA:650,1
DA:651,1
DA:653,1
DA:656,1
DA:671,1
DA:673,1
DA:675,1
DA:684,1
DA:685,1
DA:686,1
DA:687,1
DA:689,1
DA:690,1
DA:691,1
DA:692,1
DA:698,1
DA:699,1
DA:700,1
DA:702,1
DA:703,1
DA:705,1
DA:715,1
DA:716,1
DA:719,1
DA:720,2
DA:721,2
DA:731,1
DA:732,1
DA:735,1
DA:736,2
DA:737,2
DA:747,1
DA:748,1
DA:752,1
DA:753,2
DA:754,2
DA:757,2
DA:758,2
DA:768,1
DA:769,1
DA:779,1
DA:780,1
DA:789,1
DA:790,1
DA:793,1
DA:794,2
DA:795,2
DA:805,1
DA:807,1
DA:815,1
DA:816,1
DA:817,2
DA:818,1
DA:819,1
DA:821,1
DA:822,1
DA:823,1
DA:826,1
DA:828,1
DA:832,1
DA:835,3
DA:836,1
DA:838,1
DA:840,1
DA:841,0
DA:843,0
DA:854,1
DA:855,1
DA:856,1
DA:857,1
DA:859,1
DA:860,1
DA:861,1
DA:862,1
DA:868,1
DA:870,1
DA:871,1
DA:873,1
DA:882,1
DA:884,1
DA:886,1
DA:894,1
DA:895,1
DA:898,0
DA:899,0
DA:900,0
DA:910,1
DA:911,1
DA:915,0
DA:916,0
DA:917,0
DA:920,0
DA:921,0
DA:931,1
DA:932,1
DA:936,0
DA:937,0
DA:938,0
DA:939,0
DA:948,1
DA:949,1
DA:950,1
DA:951,1
DA:953,1
DA:954,1
DA:955,1
DA:956,1
DA:962,1
DA:964,1
DA:965,1
DA:967,1
DA:968,1
DA:970,1
DA:977,1
DA:978,0
DA:979,0
DA:980,0
DA:981,0
DA:982,0
DA:983,0
DA:986,1
DA:987,1
DA:988,1
DA:997,1
DA:1001,0
DA:1002,0
DA:1006,0
DA:1007,0
DA:1017,0
DA:1018,0
DA:1022,0
DA:1023,0
DA:1033,0
DA:1034,0
DA:1038,0
DA:1039,0
DA:1048,0
DA:1049,0
DA:1050,0
DA:1054,0
DA:1055,0
DA:1058,0
DA:1067,0
DA:1069,0
DA:1072,1
DA:1074,1
DA:1076,1
DA:1078,1
DA:1089,1
DA:1090,1
DA:1091,1
DA:1092,1
DA:1093,1
DA:1094,2
DA:1095,1
DA:1098,1
DA:1099,1
DA:1100,1
DA:1103,1
DA:1112,1
DA:1114,1
DA:1125,1
DA:1135,1
DA:1137,1
DA:1138,1
DA:1140,1
DA:1148,1
DA:1149,3
DA:1156,1
DA:1159,1
DA:1160,1
DA:1162,1
DA:1164,1
DA:1165,1
DA:1166,2
DA:1168,1
DA:1169,1
DA:1170,2
DA:1172,1
DA:1173,1
DA:1176,1
DA:1177,1
DA:1182,1
DA:1183,1
LF:461
LH:263
end_of_record
SF:lib\services\user_service.dart
DA:30,0
DA:34,0
DA:35,0
DA:37,0
DA:40,0
DA:41,0
DA:42,0
DA:46,0
DA:49,0
DA:51,0
DA:55,0
DA:65,0
DA:68,0
DA:69,0
DA:70,0
DA:71,0
DA:72,0
DA:73,0
DA:74,0
DA:75,0
DA:76,0
DA:77,0
DA:80,0
DA:81,0
DA:83,0
DA:85,0
DA:91,0
DA:93,0
DA:94,0
DA:95,0
DA:99,0
DA:105,0
DA:107,0
DA:108,0
DA:109,0
DA:110,0
DA:111,0
DA:112,0
DA:117,0
DA:123,0
DA:125,0
DA:127,0
DA:128,0
DA:129,0
DA:130,0
DA:131,0
DA:133,0
DA:135,0
DA:136,0
DA:137,0
DA:139,0
DA:142,0
DA:143,0
DA:144,0
DA:146,0
DA:150,0
DA:154,0
DA:160,0
DA:162,0
DA:163,0
DA:166,0
DA:171,0
DA:173,0
DA:174,0
DA:175,0
DA:178,0
DA:184,0
DA:186,0
DA:187,0
DA:188,0
DA:189,0
DA:190,0
DA:192,0
DA:198,0
DA:199,0
DA:201,0
DA:207,0
DA:226,0
DA:227,0
DA:228,0
DA:229,0
DA:233,0
DA:234,0
DA:237,0
DA:238,0
DA:240,0
DA:241,0
DA:244,0
DA:248,0
DA:249,0
DA:253,0
DA:254,0
DA:261,0
DA:265,0
DA:266,0
DA:267,0
DA:270,0
DA:273,0
DA:275,0
DA:281,0
DA:283,0
DA:286,0
DA:287,0
DA:288,0
DA:289,0
DA:291,0
DA:293,0
DA:294,0
DA:298,0
DA:299,0
DA:300,0
DA:301,0
DA:303,0
DA:304,0
DA:308,0
DA:309,0
DA:310,0
DA:311,0
DA:313,0
DA:314,0
DA:315,0
DA:316,0
DA:320,0
DA:321,0
DA:322,0
DA:323,0
DA:325,0
DA:330,0
DA:332,0
DA:333,0
DA:336,0
DA:342,0
DA:343,0
DA:344,0
DA:346,0
DA:348,0
DA:351,0
DA:352,0
DA:353,0
DA:357,0
DA:358,0
DA:361,0
DA:362,0
DA:364,0
DA:365,0
DA:366,0
DA:369,0
DA:371,0
DA:372,0
DA:376,0
DA:377,0
DA:378,0
DA:379,0
DA:380,0
DA:381,0
DA:384,0
DA:390,0
DA:391,0
DA:392,0
DA:394,0
DA:395,0
DA:396,0
DA:402,0
DA:403,0
DA:404,0
DA:405,0
DA:406,0
DA:407,0
DA:408,0
DA:409,0
DA:415,0
DA:416,0
DA:417,0
DA:419,0
DA:422,0
DA:427,0
DA:447,0
DA:448,0
DA:449,0
DA:450,0
DA:456,0
DA:457,0
DA:460,0
DA:462,0
DA:463,0
DA:464,0
DA:466,0
DA:467,0
DA:470,0
DA:471,0
DA:473,0
DA:476,0
DA:477,0
DA:478,0
DA:484,0
DA:488,0
DA:492,0
DA:493,0
DA:496,0
DA:497,0
DA:505,0
DA:508,0
DA:509,0
DA:512,0
DA:514,0
DA:520,0
DA:534,0
DA:535,0
DA:538,0
DA:546,0
DA:547,0
DA:550,0
DA:552,0
DA:558,0
DA:560,0
DA:561,0
DA:562,0
DA:563,0
DA:565,0
DA:566,0
DA:567,0
DA:569,0
DA:570,0
DA:575,0
DA:577,0
DA:578,0
DA:579,0
DA:580,0
DA:582,0
DA:583,0
DA:584,0
DA:586,0
DA:587,0
DA:592,0
DA:594,0
DA:595,0
DA:597,0
DA:598,0
DA:600,0
DA:601,0
DA:605,0
LF:241
LH:0
end_of_record
SF:lib\models\quiz_model.dart
DA:15,1
DA:28,5
DA:30,4
DA:32,2
DA:33,1
DA:34,1
DA:35,1
DA:36,1
DA:37,1
DA:38,1
DA:39,3
DA:40,2
DA:41,2
DA:42,1
DA:45,2
DA:46,1
DA:47,1
DA:48,1
DA:49,1
DA:50,1
DA:51,1
DA:52,1
DA:53,1
DA:54,1
DA:55,2
DA:56,2
DA:57,1
DA:70,0
DA:80,0
DA:81,0
DA:82,0
DA:83,0
DA:84,0
DA:85,0
DA:86,0
DA:87,0
DA:90,0
DA:91,0
DA:92,0
DA:93,0
DA:94,0
DA:95,0
DA:96,0
DA:97,0
DA:109,0
DA:118,0
DA:119,0
DA:120,0
DA:121,0
DA:122,0
DA:123,0
DA:124,0
DA:127,0
DA:128,0
DA:129,0
DA:130,0
DA:131,0
DA:132,0
DA:133,0
DA:134,0
DA:135,0
DA:150,0
DA:162,0
DA:164,0
DA:166,0
DA:168,0
DA:169,0
DA:170,0
DA:171,0
DA:172,0
DA:173,0
DA:174,0
DA:175,0
DA:176,0
DA:177,0
DA:180,0
DA:181,0
DA:182,0
DA:183,0
DA:184,0
DA:185,0
DA:186,0
DA:187,0
DA:188,0
DA:189,0
DA:190,0
DA:191,0
DA:192,0
LF:88
LH:27
end_of_record
SF:lib\providers\collections_provider.dart
DA:16,3
DA:25,1
DA:26,2
DA:27,2
DA:28,2
DA:29,2
DA:30,2
DA:32,1
DA:40,1
DA:41,1
DA:42,0
DA:43,1
DA:44,1
DA:45,1
DA:46,1
DA:51,0
DA:53,0
DA:54,0
DA:55,0
DA:56,0
DA:57,0
DA:58,0
DA:60,0
DA:65,0
DA:67,0
DA:68,0
DA:69,0
DA:70,0
DA:71,0
DA:72,0
DA:73,0
DA:76,0
DA:92,3
DA:102,1
DA:111,1
DA:112,1
DA:113,1
DA:114,1
DA:116,1
DA:117,1
DA:118,1
DA:122,1
DA:123,3
DA:124,5
DA:125,4
DA:126,2
DA:129,8
DA:136,0
DA:137,0
DA:138,0
DA:141,0
DA:142,0
DA:143,0
DA:144,0
DA:147,0
DA:148,0
DA:151,0
DA:152,0
DA:153,0
DA:155,0
DA:156,0
DA:159,0
DA:160,0
DA:161,0
DA:162,0
DA:163,0
DA:164,0
DA:166,0
DA:167,0
DA:168,0
DA:170,0
DA:171,0
DA:172,0
DA:173,0
DA:175,0
DA:176,0
DA:177,0
DA:178,0
DA:179,0
DA:182,0
DA:186,0
DA:188,0
DA:193,0
DA:195,0
DA:196,0
DA:198,0
DA:203,0
DA:204,0
DA:205,0
DA:206,0
DA:209,0
DA:210,0
DA:211,0
DA:214,0
DA:215,0
DA:219,0
DA:222,0
DA:223,0
DA:224,0
DA:227,0
DA:228,0
DA:229,0
DA:232,0
DA:233,0
DA:234,0
DA:235,0
DA:238,0
DA:239,0
DA:240,0
DA:242,0
DA:245,0
DA:246,0
DA:247,0
DA:250,0
DA:251,0
DA:252,0
DA:253,0
DA:254,0
DA:255,0
DA:257,0
DA:261,0
DA:262,0
DA:266,0
DA:267,0
DA:271,0
DA:272,0
DA:273,0
DA:274,0
DA:275,0
DA:276,0
DA:277,0
DA:280,0
DA:286,0
DA:288,0
DA:290,0
DA:292,0
DA:294,0
DA:296,0
DA:298,0
DA:300,0
DA:302,0
DA:304,0
DA:306,0
DA:308,0
DA:310,0
DA:315,0
DA:316,0
DA:319,0
DA:320,0
DA:321,0
DA:325,0
DA:326,0
DA:327,0
DA:331,0
DA:332,0
DA:337,0
DA:338,0
DA:341,0
DA:342,0
DA:343,0
DA:347,0
DA:348,0
DA:351,0
DA:352,0
DA:355,0
DA:356,0
DA:359,0
DA:360,0
LF:168
LH:29
end_of_record
SF:lib\models\question_collection_model.dart
DA:18,1
DA:33,0
DA:34,0
DA:35,0
DA:36,0
DA:37,0
DA:41,0
DA:42,0
DA:45,0
DA:47,0
DA:49,0
DA:51,0
DA:53,0
DA:55,0
DA:57,0
DA:59,0
DA:61,0
DA:63,0
DA:65,0
DA:67,0
DA:69,0
DA:74,0
DA:76,0
DA:78,0
DA:80,0
DA:82,0
DA:84,0
DA:90,0
DA:91,0
DA:93,0
DA:94,0
DA:95,0
DA:96,0
DA:97,0
DA:98,0
DA:101,0
DA:102,0
DA:104,0
DA:107,0
DA:108,0
DA:109,0
DA:110,0
DA:112,0
DA:113,0
DA:115,0
DA:116,0
DA:117,0
DA:118,0
DA:119,0
DA:125,0
LF:50
LH:1
end_of_record
SF:lib\services\question_service.dart
DA:11,0
DA:14,0
DA:16,0
DA:17,0
DA:18,0
DA:21,0
DA:25,0
DA:27,0
DA:29,0
DA:34,0
DA:36,0
DA:38,0
DA:39,0
DA:40,0
DA:43,0
DA:45,0
DA:50,0
DA:59,0
DA:65,0
DA:66,0
DA:70,0
DA:71,0
DA:75,0
DA:79,0
DA:84,0
DA:86,0
DA:88,0
DA:89,0
DA:91,0
DA:93,0
DA:94,0
DA:97,0
DA:102,0
DA:106,0
DA:107,0
DA:108,0
DA:111,0
DA:113,0
DA:114,0
DA:115,0
DA:120,0
DA:122,0
DA:124,0
DA:125,0
DA:126,0
DA:127,0
DA:128,0
DA:130,0
DA:132,0
DA:133,0
DA:134,0
DA:135,0
DA:136,0
DA:138,0
DA:139,0
DA:141,0
DA:142,0
DA:145,0
DA:146,0
DA:151,0
DA:158,0
DA:162,0
DA:176,0
DA:184,0
DA:185,0
DA:189,0
DA:190,0
DA:194,0
DA:198,0
DA:208,0
DA:214,0
DA:215,0
DA:218,0
DA:221,0
DA:223,0
DA:225,0
DA:226,0
DA:229,0
DA:231,0
DA:235,0
DA:242,0
DA:243,0
DA:245,0
DA:246,0
DA:251,0
DA:253,0
DA:259,0
DA:262,0
DA:263,0
DA:264,0
DA:265,0
DA:268,0
DA:272,0
DA:273,0
DA:274,0
DA:277,0
DA:278,0
DA:279,0
DA:280,0
DA:285,0
DA:287,0
DA:289,0
DA:291,0
DA:293,0
DA:295,0
DA:301,0
DA:303,0
DA:305,0
DA:307,0
DA:309,0
DA:311,0
DA:313,0
DA:315,0
DA:317,0
DA:319,0
DA:321,0
DA:323,0
DA:325,0
DA:331,0
DA:332,0
DA:333,0
DA:334,0
DA:335,0
DA:336,0
DA:342,0
DA:344,0
DA:345,0
DA:346,0
DA:350,0
DA:355,0
DA:357,0
DA:359,0
DA:364,0
DA:366,0
DA:368,0
DA:373,0
DA:375,0
DA:376,0
DA:377,0
DA:379,0
DA:384,0
DA:393,0
DA:398,0
DA:399,0
DA:403,0
DA:404,0
DA:408,0
DA:412,0
DA:416,0
DA:419,0
DA:420,0
DA:422,0
DA:429,0
DA:433,0
DA:436,0
DA:438,0
DA:439,0
DA:440,0
DA:443,0
DA:448,0
DA:450,0
DA:451,0
DA:452,0
DA:455,0
DA:457,0
DA:458,0
DA:462,0
DA:465,0
DA:467,0
DA:469,0
DA:474,0
DA:475,0
DA:478,0
DA:479,0
DA:480,0
DA:481,0
DA:483,0
DA:485,0
DA:486,0
DA:491,0
DA:496,0
DA:497,0
DA:499,0
DA:503,0
DA:504,0
DA:506,0
DA:507,0
DA:512,0
DA:513,0
DA:520,0
DA:521,0
DA:528,0
DA:535,0
DA:541,0
DA:544,0
DA:546,0
DA:548,0
DA:550,0
DA:551,0
DA:554,0
DA:555,0
DA:556,0
DA:558,0
DA:559,0
DA:560,0
DA:564,0
DA:567,0
DA:568,0
DA:573,0
DA:575,0
DA:576,0
DA:577,0
DA:580,0
DA:582,0
DA:586,0
DA:587,0
DA:588,0
DA:591,0
DA:592,0
DA:593,0
DA:595,0
DA:597,0
DA:599,0
DA:600,0
DA:602,0
DA:606,0
DA:610,0
DA:615,0
DA:616,0
DA:623,0
DA:625,0
DA:626,0
DA:630,0
DA:633,0
DA:634,0
DA:635,0
DA:636,0
DA:637,0
DA:638,0
DA:640,0
DA:641,0
DA:645,0
LF:242
LH:0
end_of_record
SF:lib\services\cache_service.dart
DA:6,3
DA:7,2
DA:8,1
DA:17,1
DA:18,2
DA:23,3
DA:24,2
DA:25,2
DA:30,3
DA:32,1
DA:36,1
DA:42,5
DA:43,1
DA:46,2
DA:47,3
DA:48,3
DA:52,1
DA:57,1
DA:60,1
DA:61,1
DA:66,1
DA:67,2
DA:68,2
DA:72,1
DA:73,2
DA:74,3
DA:75,1
DA:77,2
DA:78,2
DA:79,2
DA:84,1
DA:85,2
DA:86,2
DA:90,1
DA:91,1
DA:92,2
DA:93,5
DA:94,3
DA:95,1
DA:97,2
DA:98,2
DA:99,2
DA:103,1
DA:104,2
DA:107,2
DA:108,5
DA:109,1
DA:111,2
DA:112,2
DA:115,3
DA:120,1
DA:121,1
DA:122,2
DA:123,4
DA:124,1
DA:126,1
DA:127,2
DA:130,5
DA:140,0
DA:141,0
DA:142,0
DA:145,0
DA:146,0
DA:147,0
DA:155,1
DA:167,1
DA:174,0
DA:176,0
DA:177,0
LF:69
LH:60
end_of_record
SF:lib\services\error_handler.dart
DA:6,3
DA:7,2
DA:8,1
DA:14,1
DA:21,1
DA:23,1
DA:24,3
DA:28,2
DA:30,1
DA:31,1
DA:34,1
DA:36,2
DA:40,1
DA:41,1
DA:45,1
DA:47,0
DA:53,4
DA:61,1
DA:68,2
DA:70,1
DA:71,4
DA:72,1
DA:76,1
DA:77,1
DA:85,1
DA:86,2
DA:88,2
DA:92,1
DA:93,2
DA:94,3
DA:95,0
DA:99,0
DA:112,1
DA:114,1
DA:115,1
DA:117,1
DA:118,4
DA:119,0
DA:126,1
DA:127,1
DA:128,1
DA:131,1
DA:132,2
DA:133,2
DA:135,2
DA:136,1
DA:137,4
DA:141,0
DA:142,0
DA:143,0
DA:144,0
DA:155,1
LF:52
LH:44
end_of_record
SF:lib\services\stream_manager.dart
DA:10,1
DA:11,1
DA:13,0
DA:14,0
DA:16,0
DA:19,2
DA:23,1
DA:24,2
DA:25,1
DA:30,1
DA:31,1
DA:32,2
DA:36,1
DA:37,1
DA:39,5
DA:40,1
DA:41,2
DA:45,1
DA:46,1
DA:48,1
DA:49,1
DA:52,3
DA:53,2
DA:61,0
DA:62,0
DA:66,0
DA:67,0
DA:71,0
DA:72,0
DA:76,0
LF:30
LH:20
end_of_record
SF:lib\services\xp_service.dart
DA:7,0
DA:8,0
DA:9,0
DA:59,0
DA:73,0
DA:76,0
DA:77,0
DA:78,0
DA:82,0
DA:90,0
DA:91,0
DA:94,0
DA:103,0
DA:104,0
DA:106,0
DA:107,0
DA:112,0
DA:117,0
DA:124,0
DA:125,0
DA:131,0
DA:133,0
DA:136,0
DA:142,0
DA:149,0
DA:151,0
DA:152,0
DA:154,0
DA:156,0
DA:162,0
DA:169,0
DA:171,0
DA:172,0
DA:175,0
DA:180,0
DA:182,0
DA:183,0
DA:186,0
DA:187,0
DA:191,0
DA:195,0
DA:196,0
DA:197,0
DA:198,0
DA:202,0
DA:204,0
DA:205,0
DA:206,0
DA:213,0
DA:219,0
DA:227,0
DA:233,0
DA:236,0
DA:241,0
DA:244,0
DA:245,0
DA:246,0
DA:249,0
DA:250,0
DA:253,0
DA:254,0
DA:255,0
DA:260,0
DA:261,0
DA:266,0
DA:268,0
DA:275,0
DA:276,0
DA:286,0
DA:293,0
DA:295,0
DA:296,0
DA:297,0
DA:298,0
DA:299,0
DA:300,0
DA:304,0
DA:305,0
DA:306,0
DA:307,0
DA:308,0
DA:311,0
DA:313,0
DA:318,0
DA:320,0
DA:321,0
DA:323,0
DA:329,0
DA:331,0
DA:332,0
DA:334,0
DA:340,0
DA:342,0
DA:343,0
DA:345,0
DA:351,0
DA:353,0
DA:354,0
DA:355,0
DA:356,0
DA:358,0
DA:366,0
DA:367,0
DA:368,0
DA:369,0
DA:370,0
DA:372,0
DA:373,0
DA:374,0
DA:375,0
DA:376,0
DA:377,0
DA:378,0
DA:379,0
DA:381,0
DA:382,0
DA:383,0
DA:384,0
DA:390,0
DA:391,0
DA:396,0
DA:398,0
DA:399,0
DA:401,0
DA:402,0
DA:403,0
DA:404,0
DA:408,0
DA:409,0
DA:410,0
DA:411,0
DA:425,0
DA:426,0
DA:427,0
DA:428,0
DA:429,0
DA:434,0
DA:436,0
DA:437,0
DA:438,0
DA:440,0
DA:441,0
DA:442,0
DA:445,0
DA:446,0
DA:450,0
DA:454,0
DA:455,0
DA:456,0
DA:462,0
DA:465,0
DA:466,0
DA:468,0
DA:470,0
DA:473,0
DA:474,0
DA:478,0
DA:481,0
DA:483,0
DA:484,0
DA:494,0
DA:501,0
DA:506,0
DA:512,0
DA:514,0
DA:517,0
DA:523,0
DA:529,0
DA:531,0
DA:536,0
DA:541,0
DA:543,0
DA:546,0
DA:552,0
DA:558,0
DA:563,0
DA:568,0
DA:570,0
DA:573,0
DA:579,0
DA:585,0
DA:590,0
DA:595,0
DA:597,0
DA:600,0
DA:606,0
DA:612,0
DA:617,0
DA:622,0
DA:624,0
DA:627,0
DA:633,0
DA:635,0
DA:636,0
DA:638,0
DA:644,0
DA:653,0
DA:658,0
DA:664,0
DA:666,0
DA:669,0
DA:675,0
DA:683,0
DA:688,0
DA:694,0
DA:696,0
DA:699,0
DA:705,0
DA:707,0
DA:708,0
DA:711,0
DA:712,0
DA:713,0
DA:714,0
DA:720,0
DA:726,0
DA:727,0
DA:728,0
DA:730,0
DA:734,0
DA:735,0
DA:736,0
DA:737,0
DA:738,0
DA:739,0
DA:744,0
DA:745,0
DA:746,0
DA:747,0
DA:748,0
DA:749,0
DA:750,0
DA:754,0
DA:755,0
DA:756,0
DA:757,0
DA:758,0
DA:759,0
LF:238
LH:0
end_of_record
SF:lib\services\leaderboard_rank_service.dart
DA:21,0
DA:38,0
DA:39,0
DA:40,0
DA:41,0
DA:42,0
DA:43,0
DA:44,0
DA:45,0
DA:46,0
DA:47,0
DA:48,0
DA:49,0
DA:50,0
DA:51,0
DA:52,0
DA:53,0
DA:54,0
DA:58,0
DA:60,0
DA:61,0
DA:68,0
DA:69,0
DA:73,0
DA:74,0
DA:75,0
DA:77,0
DA:78,0
DA:79,0
DA:83,0
DA:84,0
DA:85,0
DA:87,0
DA:89,0
DA:91,0
DA:93,0
DA:95,0
DA:103,0
DA:104,0
DA:105,0
DA:107,0
DA:109,0
DA:111,0
DA:113,0
DA:115,0
DA:131,0
DA:133,0
DA:136,0
DA:137,0
DA:141,0
DA:143,0
DA:144,0
DA:148,0
DA:149,0
DA:150,0
DA:151,0
DA:153,0
DA:154,0
DA:159,0
DA:160,0
DA:162,0
DA:175,0
DA:182,0
DA:185,0
DA:189,0
DA:190,0
DA:191,0
DA:192,0
DA:193,0
DA:195,0
DA:196,0
DA:201,0
DA:207,0
DA:209,0
DA:211,0
DA:212,0
DA:213,0
DA:214,0
DA:216,0
DA:217,0
DA:218,0
DA:220,0
DA:221,0
DA:223,0
DA:226,0
DA:229,0
DA:233,0
DA:235,0
DA:236,0
DA:238,0
DA:243,0
DA:244,0
DA:246,0
DA:247,0
DA:252,0
DA:256,0
DA:258,0
DA:259,0
DA:260,0
DA:261,0
DA:263,0
DA:264,0
DA:268,0
DA:274,0
DA:276,0
DA:277,0
DA:278,0
DA:279,0
DA:280,0
DA:282,0
DA:283,0
DA:284,0
DA:286,0
DA:287,0
DA:292,0
DA:294,0
DA:295,0
DA:296,0
DA:297,0
DA:299,0
DA:300,0
DA:304,0
DA:310,0
DA:311,0
DA:315,0
DA:316,0
DA:325,0
DA:329,0
DA:330,0
DA:331,0
DA:332,0
LF:131
LH:0
end_of_record
SF:lib\services\student_data_sync_service.dart
DA:11,0
DA:14,0
DA:15,0
DA:16,0
DA:20,0
DA:21,0
DA:24,0
DA:25,0
DA:29,0
DA:30,0
DA:31,0
DA:36,0
DA:39,0
DA:41,0
DA:42,0
DA:43,0
DA:44,0
DA:45,0
DA:46,0
DA:47,0
DA:48,0
DA:49,0
DA:51,0
DA:52,0
DA:53,0
DA:54,0
DA:55,0
DA:56,0
DA:58,0
DA:59,0
DA:60,0
DA:62,0
DA:64,0
DA:65,0
DA:70,0
DA:72,0
DA:77,0
DA:78,0
DA:79,0
DA:82,0
DA:83,0
DA:84,0
DA:88,0
DA:89,0
DA:90,0
DA:91,0
DA:93,0
DA:101,0
DA:102,0
DA:103,0
DA:104,0
DA:106,0
DA:107,0
DA:108,0
DA:109,0
DA:113,0
DA:114,0
DA:115,0
DA:120,0
DA:121,0
DA:124,0
DA:125,0
DA:127,0
DA:135,0
DA:138,0
DA:139,0
DA:140,0
DA:141,0
DA:143,0
DA:144,0
DA:145,0
DA:146,0
DA:148,0
DA:149,0
DA:150,0
DA:151,0
DA:152,0
DA:157,0
DA:159,0
DA:163,0
DA:164,0
DA:165,0
DA:170,0
DA:172,0
DA:173,0
DA:174,0
DA:175,0
DA:176,0
DA:178,0
DA:180,0
DA:181,0
DA:184,0
DA:186,0
DA:192,0
DA:194,0
DA:195,0
DA:196,0
DA:197,0
DA:199,0
DA:204,0
DA:206,0
DA:207,0
DA:209,0
DA:210,0
DA:214,0
DA:216,0
DA:221,0
DA:223,0
DA:224,0
DA:226,0
LF:110
LH:0
end_of_record
SF:lib\utils\web_compatibility.dart
DA:8,1
DA:10,2
DA:12,1
DA:13,2
DA:14,1
DA:15,1
DA:16,3
DA:18,1
DA:19,1
DA:21,1
DA:22,1
DA:26,0
DA:28,0
DA:29,0
DA:34,1
DA:36,1
DA:38,1
DA:39,2
DA:40,1
DA:41,1
DA:42,1
DA:44,1
DA:45,1
DA:47,1
DA:48,2
DA:52,0
DA:54,0
DA:55,0
DA:60,1
DA:64,1
DA:65,2
DA:66,1
DA:67,1
DA:72,0
DA:73,0
DA:76,0
DA:82,1
DA:86,1
DA:87,2
DA:88,1
DA:89,1
DA:94,0
DA:95,0
DA:98,0
DA:104,1
DA:105,1
DA:107,2
DA:109,1
DA:110,1
DA:113,1
DA:114,5
DA:115,1
DA:116,3
DA:118,2
DA:121,0
DA:122,0
DA:130,1
DA:134,2
DA:135,1
DA:137,0
DA:139,0
DA:140,0
DA:145,1
DA:147,2
DA:149,0
DA:150,0
LF:66
LH:47
end_of_record
SF:lib\services\performance_monitor.dart
DA:6,3
DA:7,2
DA:8,1
DA:14,1
DA:18,2
DA:21,1
DA:24,1
DA:25,2
DA:30,1
DA:34,2
DA:37,1
DA:39,1
DA:40,2
DA:44,1
DA:45,4
DA:46,3
DA:49,4
DA:50,3
DA:53,5
DA:56,2
DA:57,0
DA:62,1
DA:63,2
DA:64,1
DA:66,1
DA:68,3
DA:70,3
DA:74,1
DA:75,1
DA:77,3
DA:78,1
DA:79,1
DA:81,1
DA:83,1
DA:84,3
DA:86,2
DA:88,2
DA:89,1
DA:90,1
DA:91,1
DA:92,3
DA:93,4
DA:101,0
DA:102,0
DA:103,0
DA:104,0
DA:108,0
DA:109,0
DA:111,0
DA:112,0
DA:114,0
DA:115,0
DA:116,0
DA:117,0
DA:118,0
DA:119,0
DA:120,0
DA:121,0
DA:122,0
DA:123,0
DA:127,1
DA:128,2
DA:129,2
DA:142,1
LF:64
LH:45
end_of_record
SF:lib\services\uri_normalizer.dart
DA:10,1
DA:13,0
DA:14,0
DA:30,0
DA:33,0
DA:36,0
DA:37,0
DA:41,0
DA:42,0
DA:43,0
DA:44,0
DA:48,0
DA:49,0
DA:50,0
DA:55,0
DA:56,0
DA:57,0
DA:58,0
DA:61,0
DA:62,0
DA:65,0
DA:68,0
DA:71,0
DA:72,0
DA:74,0
DA:77,0
DA:78,0
DA:84,0
DA:88,0
DA:89,0
DA:93,0
DA:94,0
DA:97,0
DA:98,0
DA:99,0
DA:103,0
DA:104,0
DA:105,0
DA:110,0
DA:117,1
DA:118,1
DA:119,1
DA:121,2
DA:122,2
DA:123,4
DA:125,3
DA:126,2
DA:127,4
DA:128,2
DA:130,4
DA:131,2
DA:133,1
DA:135,2
DA:136,3
LF:54
LH:16
end_of_record
